C:\TESTMAPPE
C:\Users
C:\WORKFOLDER
C:\Users\All Users
C:\Users\Chrislia
C:\Users\Default User
C:\Users\klient
C:\Users\nett-opp
C:\Users\Public
C:\Users\tov
C:\Users\TovAreNett-OppIT
C:\Users\Public\Desktop
C:\Users\Public\Documents
C:\Users\Public\Downloads
C:\Users\Public\Music
C:\Users\Public\Pictures
C:\Users\Public\Videos
C:\Users\Public\Desktop\Advanced IP Scanner.lnk
C:\Users\Public\Desktop\Firefox.lnk
C:\Users\Public\Desktop\OpenVPN Connect.lnk
C:\Users\Public\Desktop\TeamViewer.lnk
C:\Users\Public\Desktop\WinSCP.lnk
C:\Users\Public\Documents\Hyper-V
C:\Users\tov\Downloads
C:\Users\tov\Mine dokumenter
C:\Users\tov\.gitconfig
C:\Users\tov\ntuser.ini
C:\Users\tov\ResetWindowsUpdate.bat
C:\Users\tov\Downloads\explorer++_1.3.5_x64
C:\Users\tov\Downloads\SPA525_7.6.2SR6_FW
C:\Users\tov\Downloads\202111050936260000.xls
C:\Users\tov\Downloads\7z2103-x64.exe
C:\Users\tov\Downloads\Advanced_IP_Scanner_2.5.3850.exe
C:\Users\tov\Downloads\BraveBrowserSetup (1).exe
C:\Users\tov\Downloads\BraveBrowserSetup.exe
C:\Users\tov\Downloads\explorer++_1.3.5_x64.zip
C:\Users\tov\Downloads\Faktura5448.pdf
C:\Users\tov\Downloads\fraktseddel.pdf
C:\Users\tov\Downloads\Git-2.33.0.2-64-bit.exe
C:\Users\tov\Downloads\MediaCreationTool21H1.exe
C:\Users\tov\Downloads\MicrosoftTeams-image.jpg
C:\Users\tov\Downloads\MicrosoftTeams-x64.msix
C:\Users\tov\Downloads\mRemoteNG-Installer-1.76.20.24615.msi
C:\Users\tov\Downloads\Ninite 7Zip Installer.exe
C:\Users\tov\Downloads\Ninite Firefox Installer.exe
C:\Users\tov\Downloads\Ninite IrfanView Installer.exe
C:\Users\tov\Downloads\Ninite TeamViewer 15 Installer.exe
C:\Users\tov\Downloads\Ninite WinSCP Installer.exe
C:\Users\tov\Downloads\OfficeSetup.exe
C:\Users\tov\Downloads\openvpn-connect-3.3.2.2475_signed.msi
C:\Users\tov\Downloads\rufus
C:\Users\tov\Downloads\SPA525_7.6.2SR6_FW.zip
C:\Users\tov\Downloads\Teams_windows_x64.exe
C:\Users\tov\Downloads\TeamViewerQS (1).exe
C:\Users\tov\Downloads\TeamViewerQS (2).exe
C:\Users\tov\Downloads\TeamViewerQS.exe
C:\Users\tov\Downloads\TreeSizeFreeSetup.exe
C:\Users\tov\Downloads\ventoy-1.0.58-windows.zip
C:\Users\tov\Downloads\VSCodeUserSetup-x64-1.60.2.exe
C:\Users\tov\Downloads\explorer++_1.3.5_x64\Explorer++.exe
C:\Users\tov\Downloads\explorer++_1.3.5_x64\History.txt
C:\Users\tov\Downloads\explorer++_1.3.5_x64\License.txt
C:\Users\tov\Downloads\explorer++_1.3.5_x64\Readme.txt
C:\Users\tov\Downloads\SPA525_7.6.2SR6_FW\spa525g-7-6-2f-bt.bin
C:\Users\tov\Downloads\SPA525_7.6.2SR6_FW\spa525g-7-6-2f.bin
C:\WORKFOLDER\Historiekart – testkopi
C:\WORKFOLDER\test
C:\WORKFOLDER\resetWinUpdate.bat
C:\WORKFOLDER\Windows10ENG.iso
C:\WORKFOLDER\Historiekart – testkopi\.git
C:\WORKFOLDER\Historiekart – testkopi\.vscode
C:\WORKFOLDER\Historiekart – testkopi\000 - Arkiv
C:\WORKFOLDER\Historiekart – testkopi\dist
C:\WORKFOLDER\Historiekart – testkopi\icons
C:\WORKFOLDER\Historiekart – testkopi\images
C:\WORKFOLDER\Historiekart – testkopi\leaflet
C:\WORKFOLDER\Historiekart – testkopi\logo
C:\WORKFOLDER\Historiekart – testkopi\scripts
C:\WORKFOLDER\Historiekart – testkopi\sites
C:\WORKFOLDER\Historiekart – testkopi\styles
C:\WORKFOLDER\Historiekart – testkopi\templates
C:\WORKFOLDER\Historiekart – testkopi\test
C:\WORKFOLDER\Historiekart – testkopi\TransferFolder
C:\WORKFOLDER\Historiekart – testkopi\.ftpconfig
C:\WORKFOLDER\Historiekart – testkopi\.ftpquota
C:\WORKFOLDER\Historiekart – testkopi\.htaccess
C:\WORKFOLDER\Historiekart – testkopi\001 - Diverse Notater
C:\WORKFOLDER\Historiekart – testkopi\Attributes.txt
C:\WORKFOLDER\Historiekart – testkopi\dateSelect.php
C:\WORKFOLDER\Historiekart – testkopi\dateSelectCalendar.php
C:\WORKFOLDER\Historiekart – testkopi\dateSelectHelpPage.php
C:\WORKFOLDER\Historiekart – testkopi\favicon.ico
C:\WORKFOLDER\Historiekart – testkopi\file_upload.php
C:\WORKFOLDER\Historiekart – testkopi\index.php
C:\WORKFOLDER\Historiekart – testkopi\mapMarkerSelectHelpPage.php
C:\WORKFOLDER\Historiekart – testkopi\Oppsett av nettside.docx
C:\WORKFOLDER\Historiekart – testkopi\upload copy.php
C:\WORKFOLDER\Historiekart – testkopi\upload.php
C:\WORKFOLDER\Historiekart – testkopi\upload.php.bk
C:\WORKFOLDER\Historiekart – testkopi\uploadFailed.php
C:\WORKFOLDER\Historiekart – testkopi\uploadMulti.php
C:\WORKFOLDER\Historiekart – testkopi\uploadSuccsess.php
C:\WORKFOLDER\Historiekart – testkopi\uploadToServer.php
C:\WORKFOLDER\Historiekart – testkopi\usedNames.txt
C:\WORKFOLDER\Historiekart – testkopi\vilkaar.php
C:\WORKFOLDER\Historiekart – testkopi\.git\hooks
C:\WORKFOLDER\Historiekart – testkopi\.git\info
C:\WORKFOLDER\Historiekart – testkopi\.git\logs
C:\WORKFOLDER\Historiekart – testkopi\.git\objects
C:\WORKFOLDER\Historiekart – testkopi\.git\refs
C:\WORKFOLDER\Historiekart – testkopi\.git\COMMIT_EDITMSG
C:\WORKFOLDER\Historiekart – testkopi\.git\config
C:\WORKFOLDER\Historiekart – testkopi\.git\description
C:\WORKFOLDER\Historiekart – testkopi\.git\FETCH_HEAD
C:\WORKFOLDER\Historiekart – testkopi\.git\HEAD
C:\WORKFOLDER\Historiekart – testkopi\.git\index
C:\WORKFOLDER\Historiekart – testkopi\.git\ORIG_HEAD
C:\WORKFOLDER\Historiekart – testkopi\.git\packed-refs
C:\WORKFOLDER\Historiekart – testkopi\.git\hooks\applypatch-msg.sample
C:\WORKFOLDER\Historiekart – testkopi\.git\hooks\commit-msg.sample
C:\WORKFOLDER\Historiekart – testkopi\.git\hooks\fsmonitor-watchman.sample
C:\WORKFOLDER\Historiekart – testkopi\.git\hooks\post-update.sample
C:\WORKFOLDER\Historiekart – testkopi\.git\hooks\pre-applypatch.sample
C:\WORKFOLDER\Historiekart – testkopi\.git\hooks\pre-commit.sample
C:\WORKFOLDER\Historiekart – testkopi\.git\hooks\pre-merge-commit.sample
C:\WORKFOLDER\Historiekart – testkopi\.git\hooks\pre-push.sample
C:\WORKFOLDER\Historiekart – testkopi\.git\hooks\pre-rebase.sample
C:\WORKFOLDER\Historiekart – testkopi\.git\hooks\pre-receive.sample
C:\WORKFOLDER\Historiekart – testkopi\.git\hooks\prepare-commit-msg.sample
C:\WORKFOLDER\Historiekart – testkopi\.git\hooks\push-to-checkout.sample
C:\WORKFOLDER\Historiekart – testkopi\.git\hooks\update.sample
C:\WORKFOLDER\Historiekart – testkopi\.git\info\exclude
C:\WORKFOLDER\Historiekart – testkopi\.git\logs\refs
C:\WORKFOLDER\Historiekart – testkopi\.git\logs\HEAD
C:\WORKFOLDER\Historiekart – testkopi\.git\logs\refs\heads
C:\WORKFOLDER\Historiekart – testkopi\.git\logs\refs\remotes
C:\WORKFOLDER\Historiekart – testkopi\.git\logs\refs\heads\master
C:\WORKFOLDER\Historiekart – testkopi\.git\logs\refs\remotes\origin
C:\WORKFOLDER\Historiekart – testkopi\.git\logs\refs\remotes\origin\HEAD
C:\WORKFOLDER\Historiekart – testkopi\.git\logs\refs\remotes\origin\master
C:\WORKFOLDER\Historiekart – testkopi\.git\objects\18
C:\WORKFOLDER\Historiekart – testkopi\.git\objects\28
C:\WORKFOLDER\Historiekart – testkopi\.git\objects\2c
C:\WORKFOLDER\Historiekart – testkopi\.git\objects\30
C:\WORKFOLDER\Historiekart – testkopi\.git\objects\3b
C:\WORKFOLDER\Historiekart – testkopi\.git\objects\43
C:\WORKFOLDER\Historiekart – testkopi\.git\objects\53
C:\WORKFOLDER\Historiekart – testkopi\.git\objects\70
C:\WORKFOLDER\Historiekart – testkopi\.git\objects\73
C:\WORKFOLDER\Historiekart – testkopi\.git\objects\75
C:\WORKFOLDER\Historiekart – testkopi\.git\objects\7e
C:\WORKFOLDER\Historiekart – testkopi\.git\objects\7f
C:\WORKFOLDER\Historiekart – testkopi\.git\objects\82
C:\WORKFOLDER\Historiekart – testkopi\.git\objects\8a
C:\WORKFOLDER\Historiekart – testkopi\.git\objects\91
C:\WORKFOLDER\Historiekart – testkopi\.git\objects\9c
C:\WORKFOLDER\Historiekart – testkopi\.git\objects\9f
C:\WORKFOLDER\Historiekart – testkopi\.git\objects\a0
C:\WORKFOLDER\Historiekart – testkopi\.git\objects\a4
C:\WORKFOLDER\Historiekart – testkopi\.git\objects\a5
C:\WORKFOLDER\Historiekart – testkopi\.git\objects\a9
C:\WORKFOLDER\Historiekart – testkopi\.git\objects\aa
C:\WORKFOLDER\Historiekart – testkopi\.git\objects\ab
C:\WORKFOLDER\Historiekart – testkopi\.git\objects\bd
C:\WORKFOLDER\Historiekart – testkopi\.git\objects\c9
C:\WORKFOLDER\Historiekart – testkopi\.git\objects\d4
C:\WORKFOLDER\Historiekart – testkopi\.git\objects\da
C:\WORKFOLDER\Historiekart – testkopi\.git\objects\e5
C:\WORKFOLDER\Historiekart – testkopi\.git\objects\fe
C:\WORKFOLDER\Historiekart – testkopi\.git\objects\info
C:\WORKFOLDER\Historiekart – testkopi\.git\objects\pack
C:\WORKFOLDER\Historiekart – testkopi\.git\objects\18\24d0e2f779b94af02da9ab21a260cc8bc22710
C:\WORKFOLDER\Historiekart – testkopi\.git\objects\28\6727ae4afc8b05e7e1ff9e74bc3879656cff34
C:\WORKFOLDER\Historiekart – testkopi\.git\objects\2c\69e72ef3f35828e4ea18f5f0a48b41b579b525
C:\WORKFOLDER\Historiekart – testkopi\.git\objects\2c\7f8fc670f92b53ba71b6aac074c59e949d3532
C:\WORKFOLDER\Historiekart – testkopi\.git\objects\30\a722a6cc12e6231b3b443b42555d6e42f0bf20
C:\WORKFOLDER\Historiekart – testkopi\.git\objects\3b\e961e68eec81854d1fcf68be34206bbc08a297
C:\WORKFOLDER\Historiekart – testkopi\.git\objects\43\1a75fd3fb4f1d68913ef3acc3fe0ccf72e12d5
C:\WORKFOLDER\Historiekart – testkopi\.git\objects\53\bf749419089bf17a0acdfc66c27186a43fd5c8
C:\WORKFOLDER\Historiekart – testkopi\.git\objects\70\aa4f5f02b88fb2606565b64c536b44b7f9625a
C:\WORKFOLDER\Historiekart – testkopi\.git\objects\73\73d9127e97f36ff150b6652aac9be59ee95df3
C:\WORKFOLDER\Historiekart – testkopi\.git\objects\75\215da9ea21bd7b4d4de415979c8bfd50fd99f6
C:\WORKFOLDER\Historiekart – testkopi\.git\objects\75\8554445ef5c75bfcf7e78176322ecd811e4d9f
C:\WORKFOLDER\Historiekart – testkopi\.git\objects\7e\e1e9cf3bb8942a6852877cb12f66dddc6c0786
C:\WORKFOLDER\Historiekart – testkopi\.git\objects\7f\6962beffac6fffa3aa099f46e78fa1ad664547
C:\WORKFOLDER\Historiekart – testkopi\.git\objects\82\44e270ea158b1a86f71cdf41c7b90c8c77ebed
C:\WORKFOLDER\Historiekart – testkopi\.git\objects\8a\b95f954ca7ce6c54551c2ee2324bb16703dd6e
C:\WORKFOLDER\Historiekart – testkopi\.git\objects\91\20e8f97dd3917caf2274ceb839a9c2f1054b75
C:\WORKFOLDER\Historiekart – testkopi\.git\objects\9c\839c633a9732ef1e19e701a985a3ccdb95b203
C:\WORKFOLDER\Historiekart – testkopi\.git\objects\9f\733d7b766a1afdf35cb21b5438f96ed3c81327
C:\WORKFOLDER\Historiekart – testkopi\.git\objects\a0\9c7438db42d661d38a6bd036daa6caa7f23b90
C:\WORKFOLDER\Historiekart – testkopi\.git\objects\a4\fccaa23a2515ca5868532d74247f65b1886c37
C:\WORKFOLDER\Historiekart – testkopi\.git\objects\a5\f39f89e7a71c09af0ac729e3765e735af793e7
C:\WORKFOLDER\Historiekart – testkopi\.git\objects\a9\ae0d971b476308be78b4afd576bbe5ac1fde80
C:\WORKFOLDER\Historiekart – testkopi\.git\objects\aa\5d9d0887fee78f136dd6bf500c05baf3e44610
C:\WORKFOLDER\Historiekart – testkopi\.git\objects\ab\493a625431a7e6d533ad898b7c1884b0800386
C:\WORKFOLDER\Historiekart – testkopi\.git\objects\bd\0ddea3134dd34ef5dab4d8acaa36b541e8c5eb
C:\WORKFOLDER\Historiekart – testkopi\.git\objects\c9\a9bbb11336ca2699723b2b6f98cdfb2dd15d02
C:\WORKFOLDER\Historiekart – testkopi\.git\objects\d4\a95cec36205913b6574cd8d8dbb49bda055a43
C:\WORKFOLDER\Historiekart – testkopi\.git\objects\d4\b263a1afec35783ee0d29d91d6ff69f37cfefc
C:\WORKFOLDER\Historiekart – testkopi\.git\objects\da\dddde3b9b0d82f0b1b7e87f6c0473bd1ab4c26
C:\WORKFOLDER\Historiekart – testkopi\.git\objects\e5\35ddad867d24479033d24989a7d95553177a46
C:\WORKFOLDER\Historiekart – testkopi\.git\objects\fe\8ba2ea5c546a7e85388c97cf8b0facfa1deca3
C:\WORKFOLDER\Historiekart – testkopi\.git\objects\pack\pack-d15677b2af8f812507446aaed0ff304c06734507.idx
C:\WORKFOLDER\Historiekart – testkopi\.git\objects\pack\pack-d15677b2af8f812507446aaed0ff304c06734507.pack
C:\WORKFOLDER\Historiekart – testkopi\.git\refs\heads
C:\WORKFOLDER\Historiekart – testkopi\.git\refs\remotes
C:\WORKFOLDER\Historiekart – testkopi\.git\refs\tags
C:\WORKFOLDER\Historiekart – testkopi\.git\refs\heads\master
C:\WORKFOLDER\Historiekart – testkopi\.git\refs\remotes\origin
C:\WORKFOLDER\Historiekart – testkopi\.git\refs\remotes\origin\HEAD
C:\WORKFOLDER\Historiekart – testkopi\.git\refs\remotes\origin\master
C:\WORKFOLDER\Historiekart – testkopi\.vscode\ftp-sync.json
C:\WORKFOLDER\Historiekart – testkopi\000 - Arkiv\headerTemplate.js
C:\WORKFOLDER\Historiekart – testkopi\000 - Arkiv\image_resize.php.bak
C:\WORKFOLDER\Historiekart – testkopi\000 - Arkiv\Leftover_Code.txt
C:\WORKFOLDER\Historiekart – testkopi\000 - Arkiv\OriginalHTML.html
C:\WORKFOLDER\Historiekart – testkopi\000 - Arkiv\places.js
C:\WORKFOLDER\Historiekart – testkopi\000 - Arkiv\test.php
C:\WORKFOLDER\Historiekart – testkopi\000 - Arkiv\TODO
C:\WORKFOLDER\Historiekart – testkopi\000 - Arkiv\TODO.docx
C:\WORKFOLDER\Historiekart – testkopi\dist\leaflet.markercluster-src.js
C:\WORKFOLDER\Historiekart – testkopi\dist\leaflet.markercluster-src.js.map
C:\WORKFOLDER\Historiekart – testkopi\dist\leaflet.markercluster.js
C:\WORKFOLDER\Historiekart – testkopi\dist\leaflet.markercluster.js.map
C:\WORKFOLDER\Historiekart – testkopi\dist\marker-clustering-realworld.388.html
C:\WORKFOLDER\Historiekart – testkopi\dist\MarkerCluster.css
C:\WORKFOLDER\Historiekart – testkopi\dist\MarkerCluster.Default.css
C:\WORKFOLDER\Historiekart – testkopi\dist\realworld.388.js
C:\WORKFOLDER\Historiekart – testkopi\dist\screen.css
C:\WORKFOLDER\Historiekart – testkopi\icons\drop-down-arrow.png
C:\WORKFOLDER\Historiekart – testkopi\icons\favicon.png
C:\WORKFOLDER\Historiekart – testkopi\icons\questionmarkInCircle.svg
C:\WORKFOLDER\Historiekart – testkopi\icons\return.svg
C:\WORKFOLDER\Historiekart – testkopi\images\close.png
C:\WORKFOLDER\Historiekart – testkopi\leaflet\images
C:\WORKFOLDER\Historiekart – testkopi\leaflet\leaflet-src.esm.js
C:\WORKFOLDER\Historiekart – testkopi\leaflet\leaflet-src.esm.js.map
C:\WORKFOLDER\Historiekart – testkopi\leaflet\leaflet-src.js
C:\WORKFOLDER\Historiekart – testkopi\leaflet\leaflet-src.js.map
C:\WORKFOLDER\Historiekart – testkopi\leaflet\leaflet.css
C:\WORKFOLDER\Historiekart – testkopi\leaflet\leaflet.js
C:\WORKFOLDER\Historiekart – testkopi\leaflet\leaflet.js.map
C:\WORKFOLDER\Historiekart – testkopi\leaflet\images\layers-2x.png
C:\WORKFOLDER\Historiekart – testkopi\leaflet\images\layers.png
C:\WORKFOLDER\Historiekart – testkopi\leaflet\images\marker-icon-2x.png
C:\WORKFOLDER\Historiekart – testkopi\leaflet\images\marker-icon.png
C:\WORKFOLDER\Historiekart – testkopi\leaflet\images\marker-shadow.png
C:\WORKFOLDER\Historiekart – testkopi\logo\book.svg
C:\WORKFOLDER\Historiekart – testkopi\logo\book100.png
C:\WORKFOLDER\Historiekart – testkopi\logo\book512.png
C:\WORKFOLDER\Historiekart – testkopi\logo\BookLogo.pdn
C:\WORKFOLDER\Historiekart – testkopi\logo\BookLogo.png
C:\WORKFOLDER\Historiekart – testkopi\logo\open-book.png
C:\WORKFOLDER\Historiekart – testkopi\logo\open-book.svg
C:\WORKFOLDER\Historiekart – testkopi\scripts\dateAndtime.js
C:\WORKFOLDER\Historiekart – testkopi\scripts\dateTimeFiller.js
C:\WORKFOLDER\Historiekart – testkopi\scripts\error_log
C:\WORKFOLDER\Historiekart – testkopi\scripts\get_markers.php
C:\WORKFOLDER\Historiekart – testkopi\scripts\image_resize.php
C:\WORKFOLDER\Historiekart – testkopi\scripts\L.activearea.js
C:\WORKFOLDER\Historiekart – testkopi\scripts\map.js
C:\WORKFOLDER\Historiekart – testkopi\scripts\mapUpload.js
C:\WORKFOLDER\Historiekart – testkopi\scripts\random_Name_Generator.php
C:\WORKFOLDER\Historiekart – testkopi\scripts\SQLtest.php
C:\WORKFOLDER\Historiekart – testkopi\scripts\uploadImageScript.php
C:\WORKFOLDER\Historiekart – testkopi\scripts\usedNames.txt
C:\WORKFOLDER\Historiekart – testkopi\sites\0 Marker Template.html
C:\WORKFOLDER\Historiekart – testkopi\sites\0000.html
C:\WORKFOLDER\Historiekart – testkopi\sites\0001.html
C:\WORKFOLDER\Historiekart – testkopi\sites\0002.html
C:\WORKFOLDER\Historiekart – testkopi\sites\error_log
C:\WORKFOLDER\Historiekart – testkopi\sites\template.php
C:\WORKFOLDER\Historiekart – testkopi\styles\error_log
C:\WORKFOLDER\Historiekart – testkopi\styles\header.css
C:\WORKFOLDER\Historiekart – testkopi\styles\mainSite.css
C:\WORKFOLDER\Historiekart – testkopi\styles\mainSiteContentView
C:\WORKFOLDER\Historiekart – testkopi\styles\UploadDateSelect.css
C:\WORKFOLDER\Historiekart – testkopi\styles\UploadDateSelectCalendar.css
C:\WORKFOLDER\Historiekart – testkopi\styles\UploadDropdownMenu.css
C:\WORKFOLDER\Historiekart – testkopi\styles\UploadMap.css
C:\WORKFOLDER\Historiekart – testkopi\styles\uploadStyle.css
C:\WORKFOLDER\Historiekart – testkopi\styles\uploadStyleMobile.css
C:\WORKFOLDER\Historiekart – testkopi\styles\uploadSuccsess.css
C:\WORKFOLDER\Historiekart – testkopi\styles\vilkaar.css
C:\WORKFOLDER\Historiekart – testkopi\styles\wholeSite.css
C:\WORKFOLDER\Historiekart – testkopi\templates\header.php
C:\WORKFOLDER\Historiekart – testkopi\test\test.html
C:\WORKFOLDER\Historiekart – testkopi\TransferFolder\XSWDj_I7Rj0eca7C.png
C:\Users\tov\Test\Test Layer 2\Layer3
C:\Users\tov\Test\Test Layer 2\Included with folder.txt
C:\WORKFOLDER\WinBak\Test Folders\'Testfolder'\test\Included_file.txt
